<?xml version="1.0" encoding="UTF-8"?>
<Site BuildName="(empty)"
	BuildStamp="20240902-0439-Experimental"
	Name="arya-HP-ProBook-640-G4"
	Generator="ctest-3.22.1"
	CompilerName="/usr/bin/c++"
	CompilerVersion="11.4.0"
	OSName="Linux"
	Hostname="arya-HP-ProBook-640-G4"
	OSRelease="5.15.0-118-generic"
	OSVersion="#128-Ubuntu SMP Fri Jul 5 09:28:59 UTC 2024"
	OSPlatform="x86_64"
	Is64Bits="1"
	VendorString="GenuineIntel"
	VendorID="Intel Corporation"
	FamilyID="6"
	ModelID="142"
	ProcessorCacheSize="8192"
	NumberOfLogicalCPU="8"
	NumberOfPhysicalCPU="4"
	TotalVirtualMemory="2047"
	TotalPhysicalMemory="15833"
	LogicalProcessorsPerPhysical="2"
	ProcessorClockFrequency="1522.54"
	>
	<Testing>
		<StartDateTime>Sep 02 14:39 AEST</StartDateTime>
		<StartTestTime>1725251978</StartTestTime>
		<TestList/>
		<EndDateTime>Sep 02 14:39 AEST</EndDateTime>
		<EndTestTime>1725251978</EndTestTime>
		<ElapsedMinutes>0</ElapsedMinutes>
	</Testing>
</Site>
