<?xml version="1.0" encoding="UTF-8"?>
<Site BuildName="(empty)"
	BuildStamp="20241007-0402-Experimental"
	Name="arya-HP-ProBook-640-G4"
	Generator="ctest-3.22.1"
	CompilerName="/usr/bin/c++"
	CompilerVersion="11.4.0"
	OSName="Linux"
	Hostname="arya-HP-ProBook-640-G4"
	OSRelease="5.15.0-122-generic"
	OSVersion="#132-Ubuntu SMP Thu Aug 29 13:45:52 UTC 2024"
	OSPlatform="x86_64"
	Is64Bits="1"
	VendorString="GenuineIntel"
	VendorID="Intel Corporation"
	FamilyID="6"
	ModelID="142"
	ProcessorCacheSize="8192"
	NumberOfLogicalCPU="8"
	NumberOfPhysicalCPU="4"
	TotalVirtualMemory="2047"
	TotalPhysicalMemory="15833"
	LogicalProcessorsPerPhysical="2"
	ProcessorClockFrequency="2000"
	>
	<Testing>
		<StartDateTime>Oct 07 20:54 AEDT</StartDateTime>
		<StartTestTime>1728294898</StartTestTime>
		<TestList/>
		<EndDateTime>Oct 07 20:54 AEDT</EndDateTime>
		<EndTestTime>1728294898</EndTestTime>
		<ElapsedMinutes>0</ElapsedMinutes>
	</Testing>
</Site>
